  PALSStudy.cpp
C:\Users\Dominik\Desktop\Geant4MeetsPulsGenerator\All_Spektrum\PALSStudy.cpp(392,20): warning C4804: "<=": unsichere Verwendung des Typs "bool" in einer Operation
C:\Users\Dominik\Desktop\Geant4MeetsPulsGenerator\All_Spektrum\PALSStudy.cpp(400,20): warning C4804: "<=": unsichere Verwendung des Typs "bool" in einer Operation
C:\Users\Dominik\Desktop\Geant4MeetsPulsGenerator\All_Spektrum\PALSStudy.cpp(424,19): warning C4804: "<=": unsichere Verwendung des Typs "bool" in einer Operation
C:\Users\Dominik\Desktop\Geant4MeetsPulsGenerator\All_Spektrum\PALSStudy.cpp(432,19): warning C4804: "<=": unsichere Verwendung des Typs "bool" in einer Operation
C:\Users\Dominik\Desktop\Geant4MeetsPulsGenerator\All_Spektrum\PALSStudy.cpp(455,38): warning C4244: "=": Konvertierung von "double" in "float", möglicher Datenverlust
C:\Users\Dominik\Desktop\Geant4MeetsPulsGenerator\All_Spektrum\PALSStudy.cpp(456,41): warning C4244: "=": Konvertierung von "double" in "float", möglicher Datenverlust
C:\Users\Dominik\Desktop\Geant4MeetsPulsGenerator\All_Spektrum\PALSStudy.cpp(458,38): warning C4244: "=": Konvertierung von "double" in "float", möglicher Datenverlust
C:\Users\Dominik\Desktop\Geant4MeetsPulsGenerator\All_Spektrum\PALSStudy.cpp(459,41): warning C4244: "=": Konvertierung von "double" in "float", möglicher Datenverlust
C:\Users\Dominik\Desktop\Geant4MeetsPulsGenerator\All_Spektrum\PALSStudy.cpp(504,35): warning C4244: "Argument": Konvertierung von "double" in "_Ty", möglicher Datenverlust
C:\Users\Dominik\Desktop\Geant4MeetsPulsGenerator\All_Spektrum\PALSStudy.cpp(504,35): warning C4244:         with
C:\Users\Dominik\Desktop\Geant4MeetsPulsGenerator\All_Spektrum\PALSStudy.cpp(504,35): warning C4244:         [
C:\Users\Dominik\Desktop\Geant4MeetsPulsGenerator\All_Spektrum\PALSStudy.cpp(504,35): warning C4244:             _Ty=int
C:\Users\Dominik\Desktop\Geant4MeetsPulsGenerator\All_Spektrum\PALSStudy.cpp(504,35): warning C4244:         ]
C:\Users\Dominik\Desktop\Geant4MeetsPulsGenerator\All_Spektrum\PALSStudy.cpp(505,35): warning C4244: "Argument": Konvertierung von "double" in "_Ty", möglicher Datenverlust
C:\Users\Dominik\Desktop\Geant4MeetsPulsGenerator\All_Spektrum\PALSStudy.cpp(505,35): warning C4244:         with
C:\Users\Dominik\Desktop\Geant4MeetsPulsGenerator\All_Spektrum\PALSStudy.cpp(505,35): warning C4244:         [
C:\Users\Dominik\Desktop\Geant4MeetsPulsGenerator\All_Spektrum\PALSStudy.cpp(505,35): warning C4244:             _Ty=int
C:\Users\Dominik\Desktop\Geant4MeetsPulsGenerator\All_Spektrum\PALSStudy.cpp(505,35): warning C4244:         ]
C:\Users\Dominik\Desktop\Geant4MeetsPulsGenerator\All_Spektrum\PALSStudy.cpp(579,35): warning C4244: "Argument": Konvertierung von "double" in "_Ty", möglicher Datenverlust
C:\Users\Dominik\Desktop\Geant4MeetsPulsGenerator\All_Spektrum\PALSStudy.cpp(579,35): warning C4244:         with
C:\Users\Dominik\Desktop\Geant4MeetsPulsGenerator\All_Spektrum\PALSStudy.cpp(579,35): warning C4244:         [
C:\Users\Dominik\Desktop\Geant4MeetsPulsGenerator\All_Spektrum\PALSStudy.cpp(579,35): warning C4244:             _Ty=int
C:\Users\Dominik\Desktop\Geant4MeetsPulsGenerator\All_Spektrum\PALSStudy.cpp(579,35): warning C4244:         ]
C:\Users\Dominik\Desktop\Geant4MeetsPulsGenerator\All_Spektrum\PALSStudy.cpp(580,35): warning C4244: "Argument": Konvertierung von "double" in "_Ty", möglicher Datenverlust
C:\Users\Dominik\Desktop\Geant4MeetsPulsGenerator\All_Spektrum\PALSStudy.cpp(580,35): warning C4244:         with
C:\Users\Dominik\Desktop\Geant4MeetsPulsGenerator\All_Spektrum\PALSStudy.cpp(580,35): warning C4244:         [
C:\Users\Dominik\Desktop\Geant4MeetsPulsGenerator\All_Spektrum\PALSStudy.cpp(580,35): warning C4244:             _Ty=int
C:\Users\Dominik\Desktop\Geant4MeetsPulsGenerator\All_Spektrum\PALSStudy.cpp(580,35): warning C4244:         ]
C:\Users\Dominik\Desktop\Geant4MeetsPulsGenerator\All_Spektrum\PALSStudy.cpp(653,35): warning C4244: "Argument": Konvertierung von "double" in "_Ty", möglicher Datenverlust
C:\Users\Dominik\Desktop\Geant4MeetsPulsGenerator\All_Spektrum\PALSStudy.cpp(653,35): warning C4244:         with
C:\Users\Dominik\Desktop\Geant4MeetsPulsGenerator\All_Spektrum\PALSStudy.cpp(653,35): warning C4244:         [
C:\Users\Dominik\Desktop\Geant4MeetsPulsGenerator\All_Spektrum\PALSStudy.cpp(653,35): warning C4244:             _Ty=int
C:\Users\Dominik\Desktop\Geant4MeetsPulsGenerator\All_Spektrum\PALSStudy.cpp(653,35): warning C4244:         ]
C:\Users\Dominik\Desktop\Geant4MeetsPulsGenerator\All_Spektrum\PALSStudy.cpp(695,35): warning C4244: "Argument": Konvertierung von "double" in "_Ty", möglicher Datenverlust
C:\Users\Dominik\Desktop\Geant4MeetsPulsGenerator\All_Spektrum\PALSStudy.cpp(695,35): warning C4244:         with
C:\Users\Dominik\Desktop\Geant4MeetsPulsGenerator\All_Spektrum\PALSStudy.cpp(695,35): warning C4244:         [
C:\Users\Dominik\Desktop\Geant4MeetsPulsGenerator\All_Spektrum\PALSStudy.cpp(695,35): warning C4244:             _Ty=int
C:\Users\Dominik\Desktop\Geant4MeetsPulsGenerator\All_Spektrum\PALSStudy.cpp(695,35): warning C4244:         ]
C:\Users\Dominik\Desktop\Geant4MeetsPulsGenerator\All_Spektrum\PALSStudy.cpp(736,35): warning C4244: "Argument": Konvertierung von "double" in "_Ty", möglicher Datenverlust
C:\Users\Dominik\Desktop\Geant4MeetsPulsGenerator\All_Spektrum\PALSStudy.cpp(736,35): warning C4244:         with
C:\Users\Dominik\Desktop\Geant4MeetsPulsGenerator\All_Spektrum\PALSStudy.cpp(736,35): warning C4244:         [
C:\Users\Dominik\Desktop\Geant4MeetsPulsGenerator\All_Spektrum\PALSStudy.cpp(736,35): warning C4244:             _Ty=int
C:\Users\Dominik\Desktop\Geant4MeetsPulsGenerator\All_Spektrum\PALSStudy.cpp(736,35): warning C4244:         ]
C:\Users\Dominik\Desktop\Geant4MeetsPulsGenerator\All_Spektrum\PALSStudy.cpp(776,35): warning C4244: "Argument": Konvertierung von "double" in "_Ty", möglicher Datenverlust
C:\Users\Dominik\Desktop\Geant4MeetsPulsGenerator\All_Spektrum\PALSStudy.cpp(776,35): warning C4244:         with
C:\Users\Dominik\Desktop\Geant4MeetsPulsGenerator\All_Spektrum\PALSStudy.cpp(776,35): warning C4244:         [
C:\Users\Dominik\Desktop\Geant4MeetsPulsGenerator\All_Spektrum\PALSStudy.cpp(776,35): warning C4244:             _Ty=int
C:\Users\Dominik\Desktop\Geant4MeetsPulsGenerator\All_Spektrum\PALSStudy.cpp(776,35): warning C4244:         ]
C:\Users\Dominik\Desktop\Geant4MeetsPulsGenerator\All_Spektrum\PALSStudy.cpp(818,35): warning C4244: "Argument": Konvertierung von "double" in "_Ty", möglicher Datenverlust
C:\Users\Dominik\Desktop\Geant4MeetsPulsGenerator\All_Spektrum\PALSStudy.cpp(818,35): warning C4244:         with
C:\Users\Dominik\Desktop\Geant4MeetsPulsGenerator\All_Spektrum\PALSStudy.cpp(818,35): warning C4244:         [
C:\Users\Dominik\Desktop\Geant4MeetsPulsGenerator\All_Spektrum\PALSStudy.cpp(818,35): warning C4244:             _Ty=int
C:\Users\Dominik\Desktop\Geant4MeetsPulsGenerator\All_Spektrum\PALSStudy.cpp(818,35): warning C4244:         ]
C:\Users\Dominik\Desktop\Geant4MeetsPulsGenerator\All_Spektrum\PALSStudy.cpp(819,35): warning C4244: "Argument": Konvertierung von "double" in "_Ty", möglicher Datenverlust
C:\Users\Dominik\Desktop\Geant4MeetsPulsGenerator\All_Spektrum\PALSStudy.cpp(819,35): warning C4244:         with
C:\Users\Dominik\Desktop\Geant4MeetsPulsGenerator\All_Spektrum\PALSStudy.cpp(819,35): warning C4244:         [
C:\Users\Dominik\Desktop\Geant4MeetsPulsGenerator\All_Spektrum\PALSStudy.cpp(819,35): warning C4244:             _Ty=int
C:\Users\Dominik\Desktop\Geant4MeetsPulsGenerator\All_Spektrum\PALSStudy.cpp(819,35): warning C4244:         ]
C:\Users\Dominik\Desktop\Geant4MeetsPulsGenerator\All_Spektrum\PALSStudy.cpp(895,35): warning C4244: "Argument": Konvertierung von "double" in "_Ty", möglicher Datenverlust
C:\Users\Dominik\Desktop\Geant4MeetsPulsGenerator\All_Spektrum\PALSStudy.cpp(895,35): warning C4244:         with
C:\Users\Dominik\Desktop\Geant4MeetsPulsGenerator\All_Spektrum\PALSStudy.cpp(895,35): warning C4244:         [
C:\Users\Dominik\Desktop\Geant4MeetsPulsGenerator\All_Spektrum\PALSStudy.cpp(895,35): warning C4244:             _Ty=int
C:\Users\Dominik\Desktop\Geant4MeetsPulsGenerator\All_Spektrum\PALSStudy.cpp(895,35): warning C4244:         ]
C:\Users\Dominik\Desktop\Geant4MeetsPulsGenerator\All_Spektrum\PALSStudy.cpp(896,35): warning C4244: "Argument": Konvertierung von "double" in "_Ty", möglicher Datenverlust
C:\Users\Dominik\Desktop\Geant4MeetsPulsGenerator\All_Spektrum\PALSStudy.cpp(896,35): warning C4244:         with
C:\Users\Dominik\Desktop\Geant4MeetsPulsGenerator\All_Spektrum\PALSStudy.cpp(896,35): warning C4244:         [
C:\Users\Dominik\Desktop\Geant4MeetsPulsGenerator\All_Spektrum\PALSStudy.cpp(896,35): warning C4244:             _Ty=int
C:\Users\Dominik\Desktop\Geant4MeetsPulsGenerator\All_Spektrum\PALSStudy.cpp(896,35): warning C4244:         ]
C:\Program Files\Microsoft Visual Studio\2022\Community\VC\Tools\MSVC\14.39.33519\include\xutility(5027,24): warning C4244: "=": Konvertierung von "const _Ty" in "float", möglicher Datenverlust
C:\Program Files\Microsoft Visual Studio\2022\Community\VC\Tools\MSVC\14.39.33519\include\xutility(5027,24): warning C4244:         with
C:\Program Files\Microsoft Visual Studio\2022\Community\VC\Tools\MSVC\14.39.33519\include\xutility(5027,24): warning C4244:         [
C:\Program Files\Microsoft Visual Studio\2022\Community\VC\Tools\MSVC\14.39.33519\include\xutility(5027,24): warning C4244:             _Ty=double
C:\Program Files\Microsoft Visual Studio\2022\Community\VC\Tools\MSVC\14.39.33519\include\xutility(5027,24): warning C4244:         ]
  (Quelldatei „PALSStudy.cpp“ wird kompiliert)
  C:\Program Files\Microsoft Visual Studio\2022\Community\VC\Tools\MSVC\14.39.33519\include\xutility(5027,24):
  der Vorlageninstanziierungskontext (der älteste zuerst) ist
  	C:\Users\Dominik\Desktop\Geant4MeetsPulsGenerator\All_Spektrum\PALSStudy.cpp(448,13):
  	Siehe Verweis auf die gerade kompilierte Instanziierung "void std::fill<float*,double>(const _FwdIt,const _FwdIt,const _Ty &)" der Funktions-Vorlage.
          with
          [
              _FwdIt=float *,
              _Ty=double
          ]
  
  Code wird generiert.
  1 of 906 functions ( 0.1%) were compiled, the rest were copied from previous compilation.
    0 functions were new in current compilation
    11 functions had inline decision re-evaluated but remain unchanged
  Codegenerierung ist abgeschlossen.
  PALSStudy.vcxproj -> C:\Users\Dominik\Desktop\Geant4MeetsPulsGenerator\All_Spektrum\x64\Release\PALSStudy.exe
