  PALSStudy.cpp
C:\Users\Simulationsrechner\Desktop\Geant4MeetsPulsGenerator\Geometrie\All_Spektrum\PALSStudy.cpp(400,20): warning C4804: "<=": unsichere Verwendung des Typs "bool" in einer Operation
C:\Users\Simulationsrechner\Desktop\Geant4MeetsPulsGenerator\Geometrie\All_Spektrum\PALSStudy.cpp(408,20): warning C4804: "<=": unsichere Verwendung des Typs "bool" in einer Operation
C:\Users\Simulationsrechner\Desktop\Geant4MeetsPulsGenerator\Geometrie\All_Spektrum\PALSStudy.cpp(432,19): warning C4804: "<=": unsichere Verwendung des Typs "bool" in einer Operation
C:\Users\Simulationsrechner\Desktop\Geant4MeetsPulsGenerator\Geometrie\All_Spektrum\PALSStudy.cpp(440,19): warning C4804: "<=": unsichere Verwendung des Typs "bool" in einer Operation
C:\Users\Simulationsrechner\Desktop\Geant4MeetsPulsGenerator\Geometrie\All_Spektrum\PALSStudy.cpp(463,38): warning C4244: "=": Konvertierung von "double" in "float", möglicher Datenverlust
C:\Users\Simulationsrechner\Desktop\Geant4MeetsPulsGenerator\Geometrie\All_Spektrum\PALSStudy.cpp(464,41): warning C4244: "=": Konvertierung von "double" in "float", möglicher Datenverlust
C:\Users\Simulationsrechner\Desktop\Geant4MeetsPulsGenerator\Geometrie\All_Spektrum\PALSStudy.cpp(466,38): warning C4244: "=": Konvertierung von "double" in "float", möglicher Datenverlust
C:\Users\Simulationsrechner\Desktop\Geant4MeetsPulsGenerator\Geometrie\All_Spektrum\PALSStudy.cpp(467,41): warning C4244: "=": Konvertierung von "double" in "float", möglicher Datenverlust
C:\Users\Simulationsrechner\Desktop\Geant4MeetsPulsGenerator\Geometrie\All_Spektrum\PALSStudy.cpp(512,35): warning C4244: "Argument": Konvertierung von "double" in "_Ty", möglicher Datenverlust
          with
          [
              _Ty=int
          ]
C:\Users\Simulationsrechner\Desktop\Geant4MeetsPulsGenerator\Geometrie\All_Spektrum\PALSStudy.cpp(513,35): warning C4244: "Argument": Konvertierung von "double" in "_Ty", möglicher Datenverlust
          with
          [
              _Ty=int
          ]
C:\Users\Simulationsrechner\Desktop\Geant4MeetsPulsGenerator\Geometrie\All_Spektrum\PALSStudy.cpp(587,35): warning C4244: "Argument": Konvertierung von "double" in "_Ty", möglicher Datenverlust
          with
          [
              _Ty=int
          ]
C:\Users\Simulationsrechner\Desktop\Geant4MeetsPulsGenerator\Geometrie\All_Spektrum\PALSStudy.cpp(588,35): warning C4244: "Argument": Konvertierung von "double" in "_Ty", möglicher Datenverlust
          with
          [
              _Ty=int
          ]
C:\Users\Simulationsrechner\Desktop\Geant4MeetsPulsGenerator\Geometrie\All_Spektrum\PALSStudy.cpp(661,35): warning C4244: "Argument": Konvertierung von "double" in "_Ty", möglicher Datenverlust
          with
          [
              _Ty=int
          ]
C:\Users\Simulationsrechner\Desktop\Geant4MeetsPulsGenerator\Geometrie\All_Spektrum\PALSStudy.cpp(703,35): warning C4244: "Argument": Konvertierung von "double" in "_Ty", möglicher Datenverlust
          with
          [
              _Ty=int
          ]
C:\Users\Simulationsrechner\Desktop\Geant4MeetsPulsGenerator\Geometrie\All_Spektrum\PALSStudy.cpp(744,35): warning C4244: "Argument": Konvertierung von "double" in "_Ty", möglicher Datenverlust
          with
          [
              _Ty=int
          ]
C:\Users\Simulationsrechner\Desktop\Geant4MeetsPulsGenerator\Geometrie\All_Spektrum\PALSStudy.cpp(784,35): warning C4244: "Argument": Konvertierung von "double" in "_Ty", möglicher Datenverlust
          with
          [
              _Ty=int
          ]
C:\Users\Simulationsrechner\Desktop\Geant4MeetsPulsGenerator\Geometrie\All_Spektrum\PALSStudy.cpp(826,35): warning C4244: "Argument": Konvertierung von "double" in "_Ty", möglicher Datenverlust
          with
          [
              _Ty=int
          ]
C:\Users\Simulationsrechner\Desktop\Geant4MeetsPulsGenerator\Geometrie\All_Spektrum\PALSStudy.cpp(827,35): warning C4244: "Argument": Konvertierung von "double" in "_Ty", möglicher Datenverlust
          with
          [
              _Ty=int
          ]
C:\Users\Simulationsrechner\Desktop\Geant4MeetsPulsGenerator\Geometrie\All_Spektrum\PALSStudy.cpp(903,35): warning C4244: "Argument": Konvertierung von "double" in "_Ty", möglicher Datenverlust
          with
          [
              _Ty=int
          ]
C:\Users\Simulationsrechner\Desktop\Geant4MeetsPulsGenerator\Geometrie\All_Spektrum\PALSStudy.cpp(904,35): warning C4244: "Argument": Konvertierung von "double" in "_Ty", möglicher Datenverlust
          with
          [
              _Ty=int
          ]
C:\Users\Simulationsrechner\Desktop\Geant4MeetsPulsGenerator\Geometrie\All_Spektrum\PALSStudy.cpp(985,35): warning C4244: "Argument": Konvertierung von "double" in "_Ty", möglicher Datenverlust
          with
          [
              _Ty=int
          ]
C:\Users\Simulationsrechner\Desktop\Geant4MeetsPulsGenerator\Geometrie\All_Spektrum\PALSStudy.cpp(986,35): warning C4244: "Argument": Konvertierung von "double" in "_Ty", möglicher Datenverlust
          with
          [
              _Ty=int
          ]
C:\Users\Simulationsrechner\Desktop\Geant4MeetsPulsGenerator\Geometrie\All_Spektrum\PALSStudy.cpp(1015,37): warning C4244: "Argument": Konvertierung von "double" in "_Ty", möglicher Datenverlust
          with
          [
              _Ty=int
          ]
C:\Users\Simulationsrechner\Desktop\Geant4MeetsPulsGenerator\Geometrie\All_Spektrum\PALSStudy.cpp(1026,37): warning C4244: "Argument": Konvertierung von "double" in "_Ty", möglicher Datenverlust
          with
          [
              _Ty=int
          ]
C:\Users\Simulationsrechner\Desktop\Geant4MeetsPulsGenerator\Geometrie\All_Spektrum\PALSStudy.cpp(1039,37): warning C4244: "Argument": Konvertierung von "double" in "_Ty", möglicher Datenverlust
          with
          [
              _Ty=int
          ]
C:\Users\Simulationsrechner\Desktop\Geant4MeetsPulsGenerator\Geometrie\All_Spektrum\PALSStudy.cpp(1079,35): warning C4244: "Argument": Konvertierung von "double" in "_Ty", möglicher Datenverlust
          with
          [
              _Ty=int
          ]
C:\Users\Simulationsrechner\Desktop\Geant4MeetsPulsGenerator\Geometrie\All_Spektrum\PALSStudy.cpp(1080,35): warning C4244: "Argument": Konvertierung von "double" in "_Ty", möglicher Datenverlust
          with
          [
              _Ty=int
          ]
C:\Users\Simulationsrechner\Desktop\Geant4MeetsPulsGenerator\Geometrie\All_Spektrum\PALSStudy.cpp(1135,37): warning C4244: "Argument": Konvertierung von "double" in "_Ty", möglicher Datenverlust
          with
          [
              _Ty=int
          ]
C:\Users\Simulationsrechner\Desktop\Geant4MeetsPulsGenerator\Geometrie\All_Spektrum\PALSStudy.cpp(1146,37): warning C4244: "Argument": Konvertierung von "double" in "_Ty", möglicher Datenverlust
          with
          [
              _Ty=int
          ]
C:\Users\Simulationsrechner\Desktop\Geant4MeetsPulsGenerator\Geometrie\All_Spektrum\PALSStudy.cpp(1159,37): warning C4244: "Argument": Konvertierung von "double" in "_Ty", möglicher Datenverlust
          with
          [
              _Ty=int
          ]
C:\Users\Simulationsrechner\Desktop\Geant4MeetsPulsGenerator\Geometrie\All_Spektrum\PALSStudy.cpp(1174,35): warning C4244: "Argument": Konvertierung von "double" in "_Ty", möglicher Datenverlust
          with
          [
              _Ty=int
          ]
C:\Users\Simulationsrechner\Desktop\Geant4MeetsPulsGenerator\Geometrie\All_Spektrum\PALSStudy.cpp(1175,35): warning C4244: "Argument": Konvertierung von "double" in "_Ty", möglicher Datenverlust
          with
          [
              _Ty=int
          ]
C:\Users\Simulationsrechner\Desktop\Geant4MeetsPulsGenerator\Geometrie\All_Spektrum\PALSStudy.cpp(1205,37): warning C4244: "Argument": Konvertierung von "double" in "_Ty", möglicher Datenverlust
          with
          [
              _Ty=int
          ]
C:\Users\Simulationsrechner\Desktop\Geant4MeetsPulsGenerator\Geometrie\All_Spektrum\PALSStudy.cpp(1217,37): warning C4244: "Argument": Konvertierung von "double" in "_Ty", möglicher Datenverlust
          with
          [
              _Ty=int
          ]
C:\Users\Simulationsrechner\Desktop\Geant4MeetsPulsGenerator\Geometrie\All_Spektrum\PALSStudy.cpp(1230,37): warning C4244: "Argument": Konvertierung von "double" in "_Ty", möglicher Datenverlust
          with
          [
              _Ty=int
          ]
C:\Users\Simulationsrechner\Desktop\Geant4MeetsPulsGenerator\Geometrie\All_Spektrum\PALSStudy.cpp(1270,35): warning C4244: "Argument": Konvertierung von "double" in "_Ty", möglicher Datenverlust
          with
          [
              _Ty=int
          ]
C:\Users\Simulationsrechner\Desktop\Geant4MeetsPulsGenerator\Geometrie\All_Spektrum\PALSStudy.cpp(1271,35): warning C4244: "Argument": Konvertierung von "double" in "_Ty", möglicher Datenverlust
          with
          [
              _Ty=int
          ]
C:\Users\Simulationsrechner\Desktop\Geant4MeetsPulsGenerator\Geometrie\All_Spektrum\PALSStudy.cpp(1323,37): warning C4244: "Argument": Konvertierung von "double" in "_Ty", möglicher Datenverlust
          with
          [
              _Ty=int
          ]
C:\Users\Simulationsrechner\Desktop\Geant4MeetsPulsGenerator\Geometrie\All_Spektrum\PALSStudy.cpp(1338,37): warning C4244: "Argument": Konvertierung von "double" in "_Ty", möglicher Datenverlust
          with
          [
              _Ty=int
          ]
C:\Users\Simulationsrechner\Desktop\Geant4MeetsPulsGenerator\Geometrie\All_Spektrum\PALSStudy.cpp(1351,37): warning C4244: "Argument": Konvertierung von "double" in "_Ty", möglicher Datenverlust
          with
          [
              _Ty=int
          ]
C:\Users\Simulationsrechner\Desktop\Geant4MeetsPulsGenerator\Geometrie\All_Spektrum\PALSStudy.cpp(1369,35): warning C4244: "Argument": Konvertierung von "double" in "_Ty", möglicher Datenverlust
          with
          [
              _Ty=int
          ]
C:\Users\Simulationsrechner\Desktop\Geant4MeetsPulsGenerator\Geometrie\All_Spektrum\PALSStudy.cpp(1372,35): warning C4244: "Argument": Konvertierung von "double" in "_Ty", möglicher Datenverlust
          with
          [
              _Ty=int
          ]
C:\Users\Simulationsrechner\Desktop\Geant4MeetsPulsGenerator\Geometrie\All_Spektrum\PALSStudy.cpp(1429,37): warning C4244: "Argument": Konvertierung von "double" in "_Ty", möglicher Datenverlust
          with
          [
              _Ty=int
          ]
C:\Program Files\Microsoft Visual Studio\2022\Community\VC\Tools\MSVC\14.37.32822\include\xutility(5056,24): warning C4244: "=": Konvertierung von "const _Ty" in "float", möglicher Datenverlust
          with
          [
              _Ty=double
          ]
C:\Users\Simulationsrechner\Desktop\Geant4MeetsPulsGenerator\Geometrie\All_Spektrum\PALSStudy.cpp(456,13): message : Siehe Verweis auf die gerade kompilierte Instanziierung "void std::fill<float*,double>(const _FwdIt,const _FwdIt,const _Ty &)" der Funktions-Vorlage.
          with
          [
              _FwdIt=float *,
              _Ty=double
          ]
  Code wird generiert.
  1 of 899 functions ( 0.1%) were compiled, the rest were copied from previous compilation.
    0 functions were new in current compilation
    1 functions had inline decision re-evaluated but remain unchanged
  Codegenerierung ist abgeschlossen.
  PALSStudy.vcxproj -> C:\Users\Simulationsrechner\Desktop\Geant4MeetsPulsGenerator\Geometrie\All_Spektrum\x64\Release\PALSStudy.exe
