  PALSStudy.cpp
C:\Users\Dominik\Desktop\Geant4MeetsPulsGenerator\Pile_Up\PALSStudy.cpp(393,20): warning C4804: "<=": unsichere Verwendung des Typs "bool" in einer Operation
C:\Users\Dominik\Desktop\Geant4MeetsPulsGenerator\Pile_Up\PALSStudy.cpp(401,20): warning C4804: "<=": unsichere Verwendung des Typs "bool" in einer Operation
C:\Users\Dominik\Desktop\Geant4MeetsPulsGenerator\Pile_Up\PALSStudy.cpp(425,19): warning C4804: "<=": unsichere Verwendung des Typs "bool" in einer Operation
C:\Users\Dominik\Desktop\Geant4MeetsPulsGenerator\Pile_Up\PALSStudy.cpp(433,19): warning C4804: "<=": unsichere Verwendung des Typs "bool" in einer Operation
C:\Users\Dominik\Desktop\Geant4MeetsPulsGenerator\Pile_Up\PALSStudy.cpp(456,38): warning C4244: "=": Konvertierung von "double" in "float", möglicher Datenverlust
C:\Users\Dominik\Desktop\Geant4MeetsPulsGenerator\Pile_Up\PALSStudy.cpp(457,41): warning C4244: "=": Konvertierung von "double" in "float", möglicher Datenverlust
C:\Users\Dominik\Desktop\Geant4MeetsPulsGenerator\Pile_Up\PALSStudy.cpp(459,38): warning C4244: "=": Konvertierung von "double" in "float", möglicher Datenverlust
C:\Users\Dominik\Desktop\Geant4MeetsPulsGenerator\Pile_Up\PALSStudy.cpp(460,41): warning C4244: "=": Konvertierung von "double" in "float", möglicher Datenverlust
C:\Users\Dominik\Desktop\Geant4MeetsPulsGenerator\Pile_Up\PALSStudy.cpp(506,35): warning C4244: "Argument": Konvertierung von "double" in "_Ty", möglicher Datenverlust
C:\Users\Dominik\Desktop\Geant4MeetsPulsGenerator\Pile_Up\PALSStudy.cpp(506,35): warning C4244:         with
C:\Users\Dominik\Desktop\Geant4MeetsPulsGenerator\Pile_Up\PALSStudy.cpp(506,35): warning C4244:         [
C:\Users\Dominik\Desktop\Geant4MeetsPulsGenerator\Pile_Up\PALSStudy.cpp(506,35): warning C4244:             _Ty=int
C:\Users\Dominik\Desktop\Geant4MeetsPulsGenerator\Pile_Up\PALSStudy.cpp(506,35): warning C4244:         ]
C:\Users\Dominik\Desktop\Geant4MeetsPulsGenerator\Pile_Up\PALSStudy.cpp(507,35): warning C4244: "Argument": Konvertierung von "double" in "_Ty", möglicher Datenverlust
C:\Users\Dominik\Desktop\Geant4MeetsPulsGenerator\Pile_Up\PALSStudy.cpp(507,35): warning C4244:         with
C:\Users\Dominik\Desktop\Geant4MeetsPulsGenerator\Pile_Up\PALSStudy.cpp(507,35): warning C4244:         [
C:\Users\Dominik\Desktop\Geant4MeetsPulsGenerator\Pile_Up\PALSStudy.cpp(507,35): warning C4244:             _Ty=int
C:\Users\Dominik\Desktop\Geant4MeetsPulsGenerator\Pile_Up\PALSStudy.cpp(507,35): warning C4244:         ]
C:\Users\Dominik\Desktop\Geant4MeetsPulsGenerator\Pile_Up\PALSStudy.cpp(581,35): warning C4244: "Argument": Konvertierung von "double" in "_Ty", möglicher Datenverlust
C:\Users\Dominik\Desktop\Geant4MeetsPulsGenerator\Pile_Up\PALSStudy.cpp(581,35): warning C4244:         with
C:\Users\Dominik\Desktop\Geant4MeetsPulsGenerator\Pile_Up\PALSStudy.cpp(581,35): warning C4244:         [
C:\Users\Dominik\Desktop\Geant4MeetsPulsGenerator\Pile_Up\PALSStudy.cpp(581,35): warning C4244:             _Ty=int
C:\Users\Dominik\Desktop\Geant4MeetsPulsGenerator\Pile_Up\PALSStudy.cpp(581,35): warning C4244:         ]
C:\Users\Dominik\Desktop\Geant4MeetsPulsGenerator\Pile_Up\PALSStudy.cpp(582,35): warning C4244: "Argument": Konvertierung von "double" in "_Ty", möglicher Datenverlust
C:\Users\Dominik\Desktop\Geant4MeetsPulsGenerator\Pile_Up\PALSStudy.cpp(582,35): warning C4244:         with
C:\Users\Dominik\Desktop\Geant4MeetsPulsGenerator\Pile_Up\PALSStudy.cpp(582,35): warning C4244:         [
C:\Users\Dominik\Desktop\Geant4MeetsPulsGenerator\Pile_Up\PALSStudy.cpp(582,35): warning C4244:             _Ty=int
C:\Users\Dominik\Desktop\Geant4MeetsPulsGenerator\Pile_Up\PALSStudy.cpp(582,35): warning C4244:         ]
C:\Users\Dominik\Desktop\Geant4MeetsPulsGenerator\Pile_Up\PALSStudy.cpp(655,35): warning C4244: "Argument": Konvertierung von "double" in "_Ty", möglicher Datenverlust
C:\Users\Dominik\Desktop\Geant4MeetsPulsGenerator\Pile_Up\PALSStudy.cpp(655,35): warning C4244:         with
C:\Users\Dominik\Desktop\Geant4MeetsPulsGenerator\Pile_Up\PALSStudy.cpp(655,35): warning C4244:         [
C:\Users\Dominik\Desktop\Geant4MeetsPulsGenerator\Pile_Up\PALSStudy.cpp(655,35): warning C4244:             _Ty=int
C:\Users\Dominik\Desktop\Geant4MeetsPulsGenerator\Pile_Up\PALSStudy.cpp(655,35): warning C4244:         ]
C:\Users\Dominik\Desktop\Geant4MeetsPulsGenerator\Pile_Up\PALSStudy.cpp(697,35): warning C4244: "Argument": Konvertierung von "double" in "_Ty", möglicher Datenverlust
C:\Users\Dominik\Desktop\Geant4MeetsPulsGenerator\Pile_Up\PALSStudy.cpp(697,35): warning C4244:         with
C:\Users\Dominik\Desktop\Geant4MeetsPulsGenerator\Pile_Up\PALSStudy.cpp(697,35): warning C4244:         [
C:\Users\Dominik\Desktop\Geant4MeetsPulsGenerator\Pile_Up\PALSStudy.cpp(697,35): warning C4244:             _Ty=int
C:\Users\Dominik\Desktop\Geant4MeetsPulsGenerator\Pile_Up\PALSStudy.cpp(697,35): warning C4244:         ]
C:\Users\Dominik\Desktop\Geant4MeetsPulsGenerator\Pile_Up\PALSStudy.cpp(738,35): warning C4244: "Argument": Konvertierung von "double" in "_Ty", möglicher Datenverlust
C:\Users\Dominik\Desktop\Geant4MeetsPulsGenerator\Pile_Up\PALSStudy.cpp(738,35): warning C4244:         with
C:\Users\Dominik\Desktop\Geant4MeetsPulsGenerator\Pile_Up\PALSStudy.cpp(738,35): warning C4244:         [
C:\Users\Dominik\Desktop\Geant4MeetsPulsGenerator\Pile_Up\PALSStudy.cpp(738,35): warning C4244:             _Ty=int
C:\Users\Dominik\Desktop\Geant4MeetsPulsGenerator\Pile_Up\PALSStudy.cpp(738,35): warning C4244:         ]
C:\Users\Dominik\Desktop\Geant4MeetsPulsGenerator\Pile_Up\PALSStudy.cpp(778,35): warning C4244: "Argument": Konvertierung von "double" in "_Ty", möglicher Datenverlust
C:\Users\Dominik\Desktop\Geant4MeetsPulsGenerator\Pile_Up\PALSStudy.cpp(778,35): warning C4244:         with
C:\Users\Dominik\Desktop\Geant4MeetsPulsGenerator\Pile_Up\PALSStudy.cpp(778,35): warning C4244:         [
C:\Users\Dominik\Desktop\Geant4MeetsPulsGenerator\Pile_Up\PALSStudy.cpp(778,35): warning C4244:             _Ty=int
C:\Users\Dominik\Desktop\Geant4MeetsPulsGenerator\Pile_Up\PALSStudy.cpp(778,35): warning C4244:         ]
C:\Users\Dominik\Desktop\Geant4MeetsPulsGenerator\Pile_Up\PALSStudy.cpp(820,35): warning C4244: "Argument": Konvertierung von "double" in "_Ty", möglicher Datenverlust
C:\Users\Dominik\Desktop\Geant4MeetsPulsGenerator\Pile_Up\PALSStudy.cpp(820,35): warning C4244:         with
C:\Users\Dominik\Desktop\Geant4MeetsPulsGenerator\Pile_Up\PALSStudy.cpp(820,35): warning C4244:         [
C:\Users\Dominik\Desktop\Geant4MeetsPulsGenerator\Pile_Up\PALSStudy.cpp(820,35): warning C4244:             _Ty=int
C:\Users\Dominik\Desktop\Geant4MeetsPulsGenerator\Pile_Up\PALSStudy.cpp(820,35): warning C4244:         ]
C:\Users\Dominik\Desktop\Geant4MeetsPulsGenerator\Pile_Up\PALSStudy.cpp(821,35): warning C4244: "Argument": Konvertierung von "double" in "_Ty", möglicher Datenverlust
C:\Users\Dominik\Desktop\Geant4MeetsPulsGenerator\Pile_Up\PALSStudy.cpp(821,35): warning C4244:         with
C:\Users\Dominik\Desktop\Geant4MeetsPulsGenerator\Pile_Up\PALSStudy.cpp(821,35): warning C4244:         [
C:\Users\Dominik\Desktop\Geant4MeetsPulsGenerator\Pile_Up\PALSStudy.cpp(821,35): warning C4244:             _Ty=int
C:\Users\Dominik\Desktop\Geant4MeetsPulsGenerator\Pile_Up\PALSStudy.cpp(821,35): warning C4244:         ]
C:\Users\Dominik\Desktop\Geant4MeetsPulsGenerator\Pile_Up\PALSStudy.cpp(897,35): warning C4244: "Argument": Konvertierung von "double" in "_Ty", möglicher Datenverlust
C:\Users\Dominik\Desktop\Geant4MeetsPulsGenerator\Pile_Up\PALSStudy.cpp(897,35): warning C4244:         with
C:\Users\Dominik\Desktop\Geant4MeetsPulsGenerator\Pile_Up\PALSStudy.cpp(897,35): warning C4244:         [
C:\Users\Dominik\Desktop\Geant4MeetsPulsGenerator\Pile_Up\PALSStudy.cpp(897,35): warning C4244:             _Ty=int
C:\Users\Dominik\Desktop\Geant4MeetsPulsGenerator\Pile_Up\PALSStudy.cpp(897,35): warning C4244:         ]
C:\Users\Dominik\Desktop\Geant4MeetsPulsGenerator\Pile_Up\PALSStudy.cpp(898,35): warning C4244: "Argument": Konvertierung von "double" in "_Ty", möglicher Datenverlust
C:\Users\Dominik\Desktop\Geant4MeetsPulsGenerator\Pile_Up\PALSStudy.cpp(898,35): warning C4244:         with
C:\Users\Dominik\Desktop\Geant4MeetsPulsGenerator\Pile_Up\PALSStudy.cpp(898,35): warning C4244:         [
C:\Users\Dominik\Desktop\Geant4MeetsPulsGenerator\Pile_Up\PALSStudy.cpp(898,35): warning C4244:             _Ty=int
C:\Users\Dominik\Desktop\Geant4MeetsPulsGenerator\Pile_Up\PALSStudy.cpp(898,35): warning C4244:         ]
C:\Program Files\Microsoft Visual Studio\2022\Community\VC\Tools\MSVC\14.39.33519\include\xutility(5027,24): warning C4244: "=": Konvertierung von "const _Ty" in "float", möglicher Datenverlust
C:\Program Files\Microsoft Visual Studio\2022\Community\VC\Tools\MSVC\14.39.33519\include\xutility(5027,24): warning C4244:         with
C:\Program Files\Microsoft Visual Studio\2022\Community\VC\Tools\MSVC\14.39.33519\include\xutility(5027,24): warning C4244:         [
C:\Program Files\Microsoft Visual Studio\2022\Community\VC\Tools\MSVC\14.39.33519\include\xutility(5027,24): warning C4244:             _Ty=double
C:\Program Files\Microsoft Visual Studio\2022\Community\VC\Tools\MSVC\14.39.33519\include\xutility(5027,24): warning C4244:         ]
  (Quelldatei „PALSStudy.cpp“ wird kompiliert)
  C:\Program Files\Microsoft Visual Studio\2022\Community\VC\Tools\MSVC\14.39.33519\include\xutility(5027,24):
  der Vorlageninstanziierungskontext (der älteste zuerst) ist
  	C:\Users\Dominik\Desktop\Geant4MeetsPulsGenerator\Pile_Up\PALSStudy.cpp(449,13):
  	Siehe Verweis auf die gerade kompilierte Instanziierung "void std::fill<float*,double>(const _FwdIt,const _FwdIt,const _Ty &)" der Funktions-Vorlage.
          with
          [
              _FwdIt=float *,
              _Ty=double
          ]
  
  Code wird generiert.
  5 of 906 functions ( 0.6%) were compiled, the rest were copied from previous compilation.
    0 functions were new in current compilation
    1 functions had inline decision re-evaluated but remain unchanged
  Codegenerierung ist abgeschlossen.
  PALSStudy.vcxproj -> C:\Users\Dominik\Desktop\Geant4MeetsPulsGenerator\Pile_Up\x64\Release\PALSStudy.exe
