  DLTPulseGenerator.cpp
C:\Users\Dominik\Desktop\Geant4MeetsPulsGenerator\IRF_Ideal\DLTPulseGenerator.cpp(99,40): warning C4267: "return": Konvertierung von "size_t" nach "int", Datenverlust möglich
C:\Users\Dominik\Desktop\Geant4MeetsPulsGenerator\IRF_Ideal\DLTPulseGenerator.cpp(149,24): warning C4267: "Initialisierung": Konvertierung von "size_t" nach "int", Datenverlust möglich
C:\Users\Dominik\Desktop\Geant4MeetsPulsGenerator\IRF_Ideal\DLTPulseGenerator.cpp(149,16): warning C4267: "Initialisierung": Konvertierung von "size_t" nach "const int", Datenverlust möglich
C:\Users\Dominik\Desktop\Geant4MeetsPulsGenerator\IRF_Ideal\DLTPulseGenerator.cpp(185,29): warning C4267: "Initialisierung": Konvertierung von "size_t" nach "int", Datenverlust möglich
C:\Users\Dominik\Desktop\Geant4MeetsPulsGenerator\IRF_Ideal\DLTPulseGenerator.cpp(185,16): warning C4267: "Initialisierung": Konvertierung von "size_t" nach "const int", Datenverlust möglich
C:\Users\Dominik\Desktop\Geant4MeetsPulsGenerator\IRF_Ideal\DLTPulseGenerator.cpp(477,61): warning C4244: "Initialisierung": Konvertierung von "double" in "int", möglicher Datenverlust
C:\Users\Dominik\Desktop\Geant4MeetsPulsGenerator\IRF_Ideal\DLTPulseGenerator.cpp(477,24): warning C4244: "Initialisierung": Konvertierung von "double" in "const int", möglicher Datenverlust
C:\Users\Dominik\Desktop\Geant4MeetsPulsGenerator\IRF_Ideal\DLTPulseGenerator.cpp(478,68): warning C4244: "Initialisierung": Konvertierung von "double" in "int", möglicher Datenverlust
C:\Users\Dominik\Desktop\Geant4MeetsPulsGenerator\IRF_Ideal\DLTPulseGenerator.cpp(478,31): warning C4244: "Initialisierung": Konvertierung von "double" in "const int", möglicher Datenverlust
C:\Users\Dominik\Desktop\Geant4MeetsPulsGenerator\IRF_Ideal\DLTPulseGenerator.cpp(593,70): warning C4267: "Initialisierung": Konvertierung von "size_t" nach "int", Datenverlust möglich
C:\Users\Dominik\Desktop\Geant4MeetsPulsGenerator\IRF_Ideal\DLTPulseGenerator.cpp(593,27): warning C4267: "Initialisierung": Konvertierung von "size_t" nach "const int", Datenverlust möglich
C:\Users\Dominik\Desktop\Geant4MeetsPulsGenerator\IRF_Ideal\DLTPulseGenerator.cpp(594,68): warning C4267: "Initialisierung": Konvertierung von "size_t" nach "int", Datenverlust möglich
C:\Users\Dominik\Desktop\Geant4MeetsPulsGenerator\IRF_Ideal\DLTPulseGenerator.cpp(594,26): warning C4267: "Initialisierung": Konvertierung von "size_t" nach "const int", Datenverlust möglich
C:\Users\Dominik\Desktop\Geant4MeetsPulsGenerator\IRF_Ideal\DLTPulseGenerator.cpp(596,70): warning C4267: "Initialisierung": Konvertierung von "size_t" nach "int", Datenverlust möglich
C:\Users\Dominik\Desktop\Geant4MeetsPulsGenerator\IRF_Ideal\DLTPulseGenerator.cpp(596,27): warning C4267: "Initialisierung": Konvertierung von "size_t" nach "const int", Datenverlust möglich
C:\Users\Dominik\Desktop\Geant4MeetsPulsGenerator\IRF_Ideal\DLTPulseGenerator.cpp(597,68): warning C4267: "Initialisierung": Konvertierung von "size_t" nach "int", Datenverlust möglich
C:\Users\Dominik\Desktop\Geant4MeetsPulsGenerator\IRF_Ideal\DLTPulseGenerator.cpp(597,26): warning C4267: "Initialisierung": Konvertierung von "size_t" nach "const int", Datenverlust möglich
C:\Users\Dominik\Desktop\Geant4MeetsPulsGenerator\IRF_Ideal\DLTPulseGenerator.cpp(2908,70): warning C4244: "Initialisierung": Konvertierung von "double" in "int", möglicher Datenverlust
C:\Users\Dominik\Desktop\Geant4MeetsPulsGenerator\IRF_Ideal\DLTPulseGenerator.cpp(2908,24): warning C4244: "Initialisierung": Konvertierung von "double" in "const int", möglicher Datenverlust
C:\Users\Dominik\Desktop\Geant4MeetsPulsGenerator\IRF_Ideal\DLTPulseGenerator.cpp(3507,23): warning C4267: "return": Konvertierung von "size_t" nach "int", Datenverlust möglich
  DPulseStreamAPI.cpp
  PALSStudy.cpp
C:\Users\Dominik\Desktop\Geant4MeetsPulsGenerator\IRF_Ideal\PALSStudy.cpp(392,20): warning C4804: "<=": unsichere Verwendung des Typs "bool" in einer Operation
C:\Users\Dominik\Desktop\Geant4MeetsPulsGenerator\IRF_Ideal\PALSStudy.cpp(400,20): warning C4804: "<=": unsichere Verwendung des Typs "bool" in einer Operation
C:\Users\Dominik\Desktop\Geant4MeetsPulsGenerator\IRF_Ideal\PALSStudy.cpp(424,19): warning C4804: "<=": unsichere Verwendung des Typs "bool" in einer Operation
C:\Users\Dominik\Desktop\Geant4MeetsPulsGenerator\IRF_Ideal\PALSStudy.cpp(432,19): warning C4804: "<=": unsichere Verwendung des Typs "bool" in einer Operation
C:\Users\Dominik\Desktop\Geant4MeetsPulsGenerator\IRF_Ideal\PALSStudy.cpp(455,38): warning C4244: "=": Konvertierung von "double" in "float", möglicher Datenverlust
C:\Users\Dominik\Desktop\Geant4MeetsPulsGenerator\IRF_Ideal\PALSStudy.cpp(456,41): warning C4244: "=": Konvertierung von "double" in "float", möglicher Datenverlust
C:\Users\Dominik\Desktop\Geant4MeetsPulsGenerator\IRF_Ideal\PALSStudy.cpp(458,38): warning C4244: "=": Konvertierung von "double" in "float", möglicher Datenverlust
C:\Users\Dominik\Desktop\Geant4MeetsPulsGenerator\IRF_Ideal\PALSStudy.cpp(459,41): warning C4244: "=": Konvertierung von "double" in "float", möglicher Datenverlust
C:\Users\Dominik\Desktop\Geant4MeetsPulsGenerator\IRF_Ideal\PALSStudy.cpp(504,35): warning C4244: "Argument": Konvertierung von "double" in "_Ty", möglicher Datenverlust
C:\Users\Dominik\Desktop\Geant4MeetsPulsGenerator\IRF_Ideal\PALSStudy.cpp(504,35): warning C4244:         with
C:\Users\Dominik\Desktop\Geant4MeetsPulsGenerator\IRF_Ideal\PALSStudy.cpp(504,35): warning C4244:         [
C:\Users\Dominik\Desktop\Geant4MeetsPulsGenerator\IRF_Ideal\PALSStudy.cpp(504,35): warning C4244:             _Ty=int
C:\Users\Dominik\Desktop\Geant4MeetsPulsGenerator\IRF_Ideal\PALSStudy.cpp(504,35): warning C4244:         ]
C:\Users\Dominik\Desktop\Geant4MeetsPulsGenerator\IRF_Ideal\PALSStudy.cpp(505,35): warning C4244: "Argument": Konvertierung von "double" in "_Ty", möglicher Datenverlust
C:\Users\Dominik\Desktop\Geant4MeetsPulsGenerator\IRF_Ideal\PALSStudy.cpp(505,35): warning C4244:         with
C:\Users\Dominik\Desktop\Geant4MeetsPulsGenerator\IRF_Ideal\PALSStudy.cpp(505,35): warning C4244:         [
C:\Users\Dominik\Desktop\Geant4MeetsPulsGenerator\IRF_Ideal\PALSStudy.cpp(505,35): warning C4244:             _Ty=int
C:\Users\Dominik\Desktop\Geant4MeetsPulsGenerator\IRF_Ideal\PALSStudy.cpp(505,35): warning C4244:         ]
C:\Users\Dominik\Desktop\Geant4MeetsPulsGenerator\IRF_Ideal\PALSStudy.cpp(579,35): warning C4244: "Argument": Konvertierung von "double" in "_Ty", möglicher Datenverlust
C:\Users\Dominik\Desktop\Geant4MeetsPulsGenerator\IRF_Ideal\PALSStudy.cpp(579,35): warning C4244:         with
C:\Users\Dominik\Desktop\Geant4MeetsPulsGenerator\IRF_Ideal\PALSStudy.cpp(579,35): warning C4244:         [
C:\Users\Dominik\Desktop\Geant4MeetsPulsGenerator\IRF_Ideal\PALSStudy.cpp(579,35): warning C4244:             _Ty=int
C:\Users\Dominik\Desktop\Geant4MeetsPulsGenerator\IRF_Ideal\PALSStudy.cpp(579,35): warning C4244:         ]
C:\Users\Dominik\Desktop\Geant4MeetsPulsGenerator\IRF_Ideal\PALSStudy.cpp(580,35): warning C4244: "Argument": Konvertierung von "double" in "_Ty", möglicher Datenverlust
C:\Users\Dominik\Desktop\Geant4MeetsPulsGenerator\IRF_Ideal\PALSStudy.cpp(580,35): warning C4244:         with
C:\Users\Dominik\Desktop\Geant4MeetsPulsGenerator\IRF_Ideal\PALSStudy.cpp(580,35): warning C4244:         [
C:\Users\Dominik\Desktop\Geant4MeetsPulsGenerator\IRF_Ideal\PALSStudy.cpp(580,35): warning C4244:             _Ty=int
C:\Users\Dominik\Desktop\Geant4MeetsPulsGenerator\IRF_Ideal\PALSStudy.cpp(580,35): warning C4244:         ]
C:\Users\Dominik\Desktop\Geant4MeetsPulsGenerator\IRF_Ideal\PALSStudy.cpp(653,35): warning C4244: "Argument": Konvertierung von "double" in "_Ty", möglicher Datenverlust
C:\Users\Dominik\Desktop\Geant4MeetsPulsGenerator\IRF_Ideal\PALSStudy.cpp(653,35): warning C4244:         with
C:\Users\Dominik\Desktop\Geant4MeetsPulsGenerator\IRF_Ideal\PALSStudy.cpp(653,35): warning C4244:         [
C:\Users\Dominik\Desktop\Geant4MeetsPulsGenerator\IRF_Ideal\PALSStudy.cpp(653,35): warning C4244:             _Ty=int
C:\Users\Dominik\Desktop\Geant4MeetsPulsGenerator\IRF_Ideal\PALSStudy.cpp(653,35): warning C4244:         ]
C:\Users\Dominik\Desktop\Geant4MeetsPulsGenerator\IRF_Ideal\PALSStudy.cpp(695,35): warning C4244: "Argument": Konvertierung von "double" in "_Ty", möglicher Datenverlust
C:\Users\Dominik\Desktop\Geant4MeetsPulsGenerator\IRF_Ideal\PALSStudy.cpp(695,35): warning C4244:         with
C:\Users\Dominik\Desktop\Geant4MeetsPulsGenerator\IRF_Ideal\PALSStudy.cpp(695,35): warning C4244:         [
C:\Users\Dominik\Desktop\Geant4MeetsPulsGenerator\IRF_Ideal\PALSStudy.cpp(695,35): warning C4244:             _Ty=int
C:\Users\Dominik\Desktop\Geant4MeetsPulsGenerator\IRF_Ideal\PALSStudy.cpp(695,35): warning C4244:         ]
C:\Users\Dominik\Desktop\Geant4MeetsPulsGenerator\IRF_Ideal\PALSStudy.cpp(736,35): warning C4244: "Argument": Konvertierung von "double" in "_Ty", möglicher Datenverlust
C:\Users\Dominik\Desktop\Geant4MeetsPulsGenerator\IRF_Ideal\PALSStudy.cpp(736,35): warning C4244:         with
C:\Users\Dominik\Desktop\Geant4MeetsPulsGenerator\IRF_Ideal\PALSStudy.cpp(736,35): warning C4244:         [
C:\Users\Dominik\Desktop\Geant4MeetsPulsGenerator\IRF_Ideal\PALSStudy.cpp(736,35): warning C4244:             _Ty=int
C:\Users\Dominik\Desktop\Geant4MeetsPulsGenerator\IRF_Ideal\PALSStudy.cpp(736,35): warning C4244:         ]
C:\Users\Dominik\Desktop\Geant4MeetsPulsGenerator\IRF_Ideal\PALSStudy.cpp(776,35): warning C4244: "Argument": Konvertierung von "double" in "_Ty", möglicher Datenverlust
C:\Users\Dominik\Desktop\Geant4MeetsPulsGenerator\IRF_Ideal\PALSStudy.cpp(776,35): warning C4244:         with
C:\Users\Dominik\Desktop\Geant4MeetsPulsGenerator\IRF_Ideal\PALSStudy.cpp(776,35): warning C4244:         [
C:\Users\Dominik\Desktop\Geant4MeetsPulsGenerator\IRF_Ideal\PALSStudy.cpp(776,35): warning C4244:             _Ty=int
C:\Users\Dominik\Desktop\Geant4MeetsPulsGenerator\IRF_Ideal\PALSStudy.cpp(776,35): warning C4244:         ]
C:\Program Files\Microsoft Visual Studio\2022\Community\VC\Tools\MSVC\14.39.33519\include\xutility(5027,24): warning C4244: "=": Konvertierung von "const _Ty" in "float", möglicher Datenverlust
C:\Program Files\Microsoft Visual Studio\2022\Community\VC\Tools\MSVC\14.39.33519\include\xutility(5027,24): warning C4244:         with
C:\Program Files\Microsoft Visual Studio\2022\Community\VC\Tools\MSVC\14.39.33519\include\xutility(5027,24): warning C4244:         [
C:\Program Files\Microsoft Visual Studio\2022\Community\VC\Tools\MSVC\14.39.33519\include\xutility(5027,24): warning C4244:             _Ty=double
C:\Program Files\Microsoft Visual Studio\2022\Community\VC\Tools\MSVC\14.39.33519\include\xutility(5027,24): warning C4244:         ]
  (Quelldatei „PALSStudy.cpp“ wird kompiliert)
  C:\Program Files\Microsoft Visual Studio\2022\Community\VC\Tools\MSVC\14.39.33519\include\xutility(5027,24):
  der Vorlageninstanziierungskontext (der älteste zuerst) ist
  	C:\Users\Dominik\Desktop\Geant4MeetsPulsGenerator\IRF_Ideal\PALSStudy.cpp(448,13):
  	Siehe Verweis auf die gerade kompilierte Instanziierung "void std::fill<float*,double>(const _FwdIt,const _FwdIt,const _Ty &)" der Funktions-Vorlage.
          with
          [
              _FwdIt=float *,
              _Ty=double
          ]
  
  Code wird generiert.
  879 of 899 functions (97.8%) were compiled, the rest were copied from previous compilation.
    4 functions were new in current compilation
    2 functions had inline decision re-evaluated but remain unchanged
  Codegenerierung ist abgeschlossen.
  PALSStudy.vcxproj -> C:\Users\Dominik\Desktop\Geant4MeetsPulsGenerator\IRF_Ideal\x64\Release\PALSStudy.exe
